[2019-11-23 10:06:57.743] [exthost] [info] extension host started
[2019-11-23 10:06:57.784] [exthost] [info] ExtensionService#_doActivateExtension vscode.php-language-features {"startup":false,"extensionId":{"value":"vscode.php-language-features","_lower":"vscode.php-language-features"},"activationEvent":"onLanguage:php"}
[2019-11-23 10:06:57.785] [exthost] [info] ExtensionService#loadCommonJSModule file:///home/four12/.vscode-server/bin/8795a9889db74563ddd43eb0a897a2384129a619/extensions/php-language-features/dist/phpMain
[2019-11-23 10:06:57.799] [exthost] [info] ExtensionService#_doActivateExtension felixfbecker.php-intellisense {"startup":false,"extensionId":{"value":"felixfbecker.php-intellisense","_lower":"felixfbecker.php-intellisense"},"activationEvent":"onLanguage:php"}
[2019-11-23 10:06:57.799] [exthost] [info] ExtensionService#loadCommonJSModule file:///home/four12/.vscode-server/extensions/felixfbecker.php-intellisense-2.3.13/out/extension
[2019-11-23 10:06:57.841] [exthost] [info] ExtensionService#_doActivateExtension vscode.debug-auto-launch {"startup":true,"extensionId":{"value":"vscode.debug-auto-launch","_lower":"vscode.debug-auto-launch"},"activationEvent":"*"}
[2019-11-23 10:06:57.841] [exthost] [info] ExtensionService#loadCommonJSModule file:///home/four12/.vscode-server/bin/8795a9889db74563ddd43eb0a897a2384129a619/extensions/debug-auto-launch/dist/extension
[2019-11-23 10:06:57.845] [exthost] [info] ExtensionService#_doActivateExtension vscode.emmet {"startup":true,"extensionId":{"value":"vscode.emmet","_lower":"vscode.emmet"},"activationEvent":"*"}
[2019-11-23 10:06:57.845] [exthost] [info] ExtensionService#loadCommonJSModule file:///home/four12/.vscode-server/bin/8795a9889db74563ddd43eb0a897a2384129a619/extensions/emmet/dist/extension
[2019-11-23 10:06:57.866] [exthost] [info] ExtensionService#_doActivateExtension vscode.git {"startup":true,"extensionId":{"value":"vscode.git","_lower":"vscode.git"},"activationEvent":"*"}
[2019-11-23 10:06:57.866] [exthost] [info] ExtensionService#loadCommonJSModule file:///home/four12/.vscode-server/bin/8795a9889db74563ddd43eb0a897a2384129a619/extensions/git/dist/main
[2019-11-23 10:06:57.911] [exthost] [info] ExtensionService#_doActivateExtension vscode.merge-conflict {"startup":true,"extensionId":{"value":"vscode.merge-conflict","_lower":"vscode.merge-conflict"},"activationEvent":"*"}
[2019-11-23 10:06:57.911] [exthost] [info] ExtensionService#loadCommonJSModule file:///home/four12/.vscode-server/bin/8795a9889db74563ddd43eb0a897a2384129a619/extensions/merge-conflict/dist/extension
[2019-11-23 10:06:58.098] [exthost] [info] eager extensions activated
[2019-11-23 10:07:45.727] [exthost] [info] ExtensionService#_doActivateExtension vscode.configuration-editing {"startup":false,"extensionId":{"value":"vscode.configuration-editing","_lower":"vscode.configuration-editing"},"activationEvent":"onLanguage:json"}
[2019-11-23 10:07:45.727] [exthost] [info] ExtensionService#loadCommonJSModule file:///home/four12/.vscode-server/bin/8795a9889db74563ddd43eb0a897a2384129a619/extensions/configuration-editing/dist/extension
[2019-11-23 10:07:45.732] [exthost] [info] ExtensionService#_doActivateExtension vscode.extension-editing {"startup":false,"extensionId":{"value":"vscode.extension-editing","_lower":"vscode.extension-editing"},"activationEvent":"onLanguage:json"}
[2019-11-23 10:07:45.732] [exthost] [info] ExtensionService#loadCommonJSModule file:///home/four12/.vscode-server/bin/8795a9889db74563ddd43eb0a897a2384129a619/extensions/extension-editing/dist/extension
[2019-11-23 10:07:45.742] [exthost] [info] ExtensionService#_doActivateExtension vscode.json-language-features {"startup":false,"extensionId":{"value":"vscode.json-language-features","_lower":"vscode.json-language-features"},"activationEvent":"onLanguage:json"}
[2019-11-23 10:07:45.742] [exthost] [info] ExtensionService#loadCommonJSModule file:///home/four12/.vscode-server/bin/8795a9889db74563ddd43eb0a897a2384129a619/extensions/json-language-features/client/dist/jsonMain
[2019-11-23 10:07:45.772] [exthost] [info] ExtensionService#_doActivateExtension vscode.npm {"startup":false,"extensionId":{"value":"vscode.npm","_lower":"vscode.npm"},"activationEvent":"onLanguage:json"}
[2019-11-23 10:07:45.772] [exthost] [info] ExtensionService#loadCommonJSModule file:///home/four12/.vscode-server/bin/8795a9889db74563ddd43eb0a897a2384129a619/extensions/npm/dist/main
