[Error - 23:36:22] Request textDocument/hover failed.
Error: Connection got disposed.
	at Object.dispose (/home/four12/.vscode-server/extensions/felixfbecker.php-intellisense-2.3.13/node_modules/vscode-jsonrpc/lib/main.js:876:25)
	at Object.dispose (/home/four12/.vscode-server/extensions/felixfbecker.php-intellisense-2.3.13/node_modules/vscode-languageclient/lib/client.js:71:35)
	at connection.shutdown.then (/home/four12/.vscode-server/extensions/felixfbecker.php-intellisense-2.3.13/node_modules/vscode-languageclient/lib/client.js:2062:28)
[Error - 23:36:22] Request textDocument/hover failed.
Error: Connection got disposed.
	at Object.dispose (/home/four12/.vscode-server/extensions/felixfbecker.php-intellisense-2.3.13/node_modules/vscode-jsonrpc/lib/main.js:876:25)
	at Object.dispose (/home/four12/.vscode-server/extensions/felixfbecker.php-intellisense-2.3.13/node_modules/vscode-languageclient/lib/client.js:71:35)
	at connection.shutdown.then (/home/four12/.vscode-server/extensions/felixfbecker.php-intellisense-2.3.13/node_modules/vscode-languageclient/lib/client.js:2062:28)
[Error - 23:36:22] Request textDocument/hover failed.
Error: Connection got disposed.
	at Object.dispose (/home/four12/.vscode-server/extensions/felixfbecker.php-intellisense-2.3.13/node_modules/vscode-jsonrpc/lib/main.js:876:25)
	at Object.dispose (/home/four12/.vscode-server/extensions/felixfbecker.php-intellisense-2.3.13/node_modules/vscode-languageclient/lib/client.js:71:35)
	at connection.shutdown.then (/home/four12/.vscode-server/extensions/felixfbecker.php-intellisense-2.3.13/node_modules/vscode-languageclient/lib/client.js:2062:28)
[Error - 23:36:22] Request textDocument/hover failed.
Error: Connection got disposed.
	at Object.dispose (/home/four12/.vscode-server/extensions/felixfbecker.php-intellisense-2.3.13/node_modules/vscode-jsonrpc/lib/main.js:876:25)
	at Object.dispose (/home/four12/.vscode-server/extensions/felixfbecker.php-intellisense-2.3.13/node_modules/vscode-languageclient/lib/client.js:71:35)
	at connection.shutdown.then (/home/four12/.vscode-server/extensions/felixfbecker.php-intellisense-2.3.13/node_modules/vscode-languageclient/lib/client.js:2062:28)
[Error - 23:36:22] Request textDocument/hover failed.
Error: Connection got disposed.
	at Object.dispose (/home/four12/.vscode-server/extensions/felixfbecker.php-intellisense-2.3.13/node_modules/vscode-jsonrpc/lib/main.js:876:25)
	at Object.dispose (/home/four12/.vscode-server/extensions/felixfbecker.php-intellisense-2.3.13/node_modules/vscode-languageclient/lib/client.js:71:35)
	at connection.shutdown.then (/home/four12/.vscode-server/extensions/felixfbecker.php-intellisense-2.3.13/node_modules/vscode-languageclient/lib/client.js:2062:28)
[Error - 23:36:22] Request textDocument/hover failed.
Error: Connection got disposed.
	at Object.dispose (/home/four12/.vscode-server/extensions/felixfbecker.php-intellisense-2.3.13/node_modules/vscode-jsonrpc/lib/main.js:876:25)
	at Object.dispose (/home/four12/.vscode-server/extensions/felixfbecker.php-intellisense-2.3.13/node_modules/vscode-languageclient/lib/client.js:71:35)
	at connection.shutdown.then (/home/four12/.vscode-server/extensions/felixfbecker.php-intellisense-2.3.13/node_modules/vscode-languageclient/lib/client.js:2062:28)
[Error - 23:36:22] Request textDocument/hover failed.
Error: Connection got disposed.
	at Object.dispose (/home/four12/.vscode-server/extensions/felixfbecker.php-intellisense-2.3.13/node_modules/vscode-jsonrpc/lib/main.js:876:25)
	at Object.dispose (/home/four12/.vscode-server/extensions/felixfbecker.php-intellisense-2.3.13/node_modules/vscode-languageclient/lib/client.js:71:35)
	at connection.shutdown.then (/home/four12/.vscode-server/extensions/felixfbecker.php-intellisense-2.3.13/node_modules/vscode-languageclient/lib/client.js:2062:28)
Language server exited with exit code 0
