[2019-10-28 17:43:24.018] [exthost] [info] extension host started
[2019-10-28 17:43:24.420] [exthost] [info] ExtensionService#_doActivateExtension vscode.debug-auto-launch {"startup":true,"extensionId":{"value":"vscode.debug-auto-launch","_lower":"vscode.debug-auto-launch"},"activationEvent":"*"}
[2019-10-28 17:43:24.420] [exthost] [info] ExtensionService#loadCommonJSModule file:///home/four12/.vscode-server/bin/6ab598523be7a800d7f3eb4d92d7ab9a66069390/extensions/debug-auto-launch/dist/extension
[2019-10-28 17:43:24.427] [exthost] [info] ExtensionService#_doActivateExtension vscode.emmet {"startup":true,"extensionId":{"value":"vscode.emmet","_lower":"vscode.emmet"},"activationEvent":"*"}
[2019-10-28 17:43:24.427] [exthost] [info] ExtensionService#loadCommonJSModule file:///home/four12/.vscode-server/bin/6ab598523be7a800d7f3eb4d92d7ab9a66069390/extensions/emmet/dist/extension
[2019-10-28 17:43:24.459] [exthost] [info] ExtensionService#_doActivateExtension vscode.git {"startup":true,"extensionId":{"value":"vscode.git","_lower":"vscode.git"},"activationEvent":"*"}
[2019-10-28 17:43:24.459] [exthost] [info] ExtensionService#loadCommonJSModule file:///home/four12/.vscode-server/bin/6ab598523be7a800d7f3eb4d92d7ab9a66069390/extensions/git/dist/main
[2019-10-28 17:43:24.523] [exthost] [info] ExtensionService#_doActivateExtension vscode.merge-conflict {"startup":true,"extensionId":{"value":"vscode.merge-conflict","_lower":"vscode.merge-conflict"},"activationEvent":"*"}
[2019-10-28 17:43:24.523] [exthost] [info] ExtensionService#loadCommonJSModule file:///home/four12/.vscode-server/bin/6ab598523be7a800d7f3eb4d92d7ab9a66069390/extensions/merge-conflict/dist/extension
[2019-10-28 17:43:24.597] [exthost] [info] ExtensionService#_doActivateExtension felixfbecker.php-intellisense {"startup":true,"extensionId":{"value":"felixfbecker.php-intellisense","_lower":"felixfbecker.php-intellisense"},"activationEvent":"workspaceContains:**/*.php"}
[2019-10-28 17:43:24.597] [exthost] [info] ExtensionService#loadCommonJSModule file:///home/four12/.vscode-server/extensions/felixfbecker.php-intellisense-2.3.13/out/extension
[2019-10-28 17:43:24.719] [exthost] [info] eager extensions activated
[2019-10-28 17:46:02.975] [exthost] [info] ExtensionService#_doActivateExtension vscode.php-language-features {"startup":false,"extensionId":{"value":"vscode.php-language-features","_lower":"vscode.php-language-features"},"activationEvent":"onLanguage:php"}
[2019-10-28 17:46:02.975] [exthost] [info] ExtensionService#loadCommonJSModule file:///home/four12/.vscode-server/bin/6ab598523be7a800d7f3eb4d92d7ab9a66069390/extensions/php-language-features/dist/phpMain
[2019-10-28 17:52:35.557] [exthost] [info] ExtensionService#_doActivateExtension ms-vscode.node-debug2 {"startup":false,"extensionId":{"value":"ms-vscode.node-debug","_lower":"ms-vscode.node-debug"},"activationEvent":"onDebugInitialConfigurations"}
[2019-10-28 17:52:35.557] [exthost] [info] ExtensionService#loadCommonJSModule file:///home/four12/.vscode-server/bin/6ab598523be7a800d7f3eb4d92d7ab9a66069390/extensions/ms-vscode.node-debug2/out/src/extension
[2019-10-28 17:52:35.567] [exthost] [info] ExtensionService#_doActivateExtension ms-vscode.node-debug {"startup":false,"extensionId":{"value":"ms-vscode.node-debug","_lower":"ms-vscode.node-debug"},"activationEvent":"onDebugInitialConfigurations"}
[2019-10-28 17:52:35.567] [exthost] [info] ExtensionService#loadCommonJSModule file:///home/four12/.vscode-server/bin/6ab598523be7a800d7f3eb4d92d7ab9a66069390/extensions/ms-vscode.node-debug/dist/extension.js
[2019-10-28 17:52:40.141] [exthost] [info] ExtensionService#_doActivateExtension vscode.debug-server-ready {"startup":false,"extensionId":{"value":"vscode.debug-server-ready","_lower":"vscode.debug-server-ready"},"activationEvent":"onDebugResolve"}
[2019-10-28 17:52:40.142] [exthost] [info] ExtensionService#loadCommonJSModule file:///home/four12/.vscode-server/bin/6ab598523be7a800d7f3eb4d92d7ab9a66069390/extensions/debug-server-ready/dist/extension
