DEBUG     Checking PHPLS_ALLOW_XDEBUG
DEBUG     The xdebug extension is not loaded

[Info  - 09:56:40] 1372 files total
[Info  - 09:56:40] Indexing project for definitions and static references
Parsing file:///home/four12/html/application/config/autoload.php
Parsing file:///home/four12/html/application/config/config.php
Parsing file:///home/four12/html/application/config/constants.php
Parsing file:///home/four12/html/application/config/database.php
Parsing file:///home/four12/html/application/config/doctypes.php
Parsing file:///home/four12/html/application/config/foreign_chars.php
Parsing file:///home/four12/html/application/config/hooks.php
Parsing file:///home/four12/html/application/config/memcached.php
Parsing file:///home/four12/html/application/config/migration.php
Parsing file:///home/four12/html/application/config/mimes.php
Parsing file:///home/four12/html/application/config/pagination.php
Parsing file:///home/four12/html/application/config/profiler.php
Parsing file:///home/four12/html/application/config/routes.php
Parsing file:///home/four12/html/application/config/smileys.php
Parsing file:///home/four12/html/application/config/user_agents.php
Parsing file:///home/four12/html/application/controllers/Welcome.php
Parsing file:///home/four12/html/application/controllers/Main.php
Parsing file:///home/four12/html/application/controllers/Member.php
Parsing file:///home/four12/html/application/controllers/Category.php
Parsing file:///home/four12/html/application/controllers/Product.php
Parsing file:///home/four12/html/application/controllers/P_ledger.php
Parsing file:///home/four12/html/application/controllers/S_ledger.php
Parsing file:///home/four12/html/application/libraries/PHPExcel.php
Parsing file:///home/four12/html/application/libraries/PHPExcel/Autoloader.php
Parsing file:///home/four12/html/application/libraries/PHPExcel/CachedObjectStorageFactory.php
Parsing file:///home/four12/html/application/libraries/PHPExcel/Calculation.php
[Info  - 09:56:40] Ignoring file file:///home/four12/html/application/libraries/PHPExcel/Calculation.php because it exceeds size limit of 150000 bytes (202013)
Parsing file:///home/four12/html/application/libraries/PHPExcel/Cell.php
Parsing file:///home/four12/html/application/libraries/PHPExcel/Chart.php
Parsing file:///home/four12/html/application/libraries/PHPExcel/Comment.php
Parsing file:///home/four12/html/application/libraries/PHPExcel/DocumentProperties.php
Parsing file:///home/four12/html/application/libraries/PHPExcel/DocumentSecurity.php
Parsing file:///home/four12/html/application/libraries/PHPExcel/Exception.php
Parsing file:///home/four12/html/application/libraries/PHPExcel/HashTable.php
Parsing file:///home/four12/html/application/libraries/PHPExcel/IComparable.php
Parsing file:///home/four12/html/application/libraries/PHPExcel/IOFactory.php
Parsing file:///home/four12/html/application/libraries/PHPExcel/NamedRange.php
Parsing file:///home/four12/html/application/libraries/PHPExcel/ReferenceHelper.php
Parsing file:///home/four12/html/application/libraries/PHPExcel/RichText.php
Parsing file:///home/four12/html/application/libraries/PHPExcel/Settings.php
Parsing file:///home/four12/html/application/libraries/PHPExcel/Style.php
Parsing file:///home/four12/html/application/libraries/PHPExcel/Worksheet.php
Parsing file:///home/four12/html/application/libraries/PHPExcel/WorksheetIterator.php
Parsing file:///home/four12/html/application/libraries/PHPExcel/CachedObjectStorage/APC.php
Parsing file:///home/four12/html/application/libraries/PHPExcel/CachedObjectStorage/CacheBase.php
Parsing file:///home/four12/html/application/libraries/PHPExcel/CachedObjectStorage/DiscISAM.php
Parsing file:///home/four12/html/application/libraries/PHPExcel/CachedObjectStorage/ICache.php
Parsing file:///home/four12/html/application/libraries/PHPExcel/CachedObjectStorage/Igbinary.php
Parsing file:///home/four12/html/application/libraries/PHPExcel/CachedObjectStorage/Memcache.php
Parsing file:///home/four12/html/application/libraries/PHPExcel/CachedObjectStorage/Memory.php
Parsing file:///home/four12/html/application/libraries/PHPExcel/CachedObjectStorage/MemoryGZip.php
Parsing file:///home/four12/html/application/libraries/PHPExcel/CachedObjectStorage/MemorySerialized.php
Parsing file:///home/four12/html/application/libraries/PHPExcel/CachedObjectStorage/PHPTemp.php
Parsing file:///home/four12/html/application/libraries/PHPExcel/CachedObjectStorage/SQLite.php
Parsing file:///home/four12/html/application/libraries/PHPExcel/CachedObjectStorage/SQLite3.php
Parsing file:///home/four12/html/application/libraries/PHPExcel/CachedObjectStorage/Wincache.php
Parsing file:///home/four12/html/application/libraries/PHPExcel/CalcEngine/CyclicReferenceStack.php
Parsing file:///home/four12/html/application/libraries/PHPExcel/CalcEngine/Logger.php
Parsing file:///home/four12/html/application/libraries/PHPExcel/Calculation/Database.php
Parsing file:///home/four12/html/application/libraries/PHPExcel/Calculation/DateTime.php
Parsing file:///home/four12/html/application/libraries/PHPExcel/Calculation/Engineering.php
Parsing file:///home/four12/html/application/libraries/PHPExcel/Calculation/Exception.php
Parsing file:///home/four12/html/application/libraries/PHPExcel/Calculation/ExceptionHandler.php
Parsing file:///home/four12/html/application/libraries/PHPExcel/Calculation/Financial.php
Parsing file:///home/four12/html/application/libraries/PHPExcel/Calculation/FormulaParser.php
Parsing file:///home/four12/html/application/libraries/PHPExcel/Calculation/FormulaToken.php
Parsing file:///home/four12/html/application/libraries/PHPExcel/Calculation/Function.php
Parsing file:///home/four12/html/application/libraries/PHPExcel/Calculation/Functions.php
Parsing file:///home/four12/html/application/libraries/PHPExcel/Calculation/Logical.php
Parsing file:///home/four12/html/application/libraries/PHPExcel/Calculation/LookupRef.php
Parsing file:///home/four12/html/application/libraries/PHPExcel/Calculation/MathTrig.php
Parsing file:///home/four12/html/application/libraries/PHPExcel/Calculation/Statistical.php
Parsing file:///home/four12/html/application/libraries/PHPExcel/Calculation/TextData.php
Parsing file:///home/four12/html/application/libraries/PHPExcel/Calculation/Token/Stack.php
Parsing file:///home/four12/html/application/libraries/PHPExcel/Cell/AdvancedValueBinder.php
Parsing file:///home/four12/html/application/libraries/PHPExcel/Cell/DataType.php
Parsing file:///home/four12/html/application/libraries/PHPExcel/Cell/DataValidation.php
Parsing file:///home/four12/html/application/libraries/PHPExcel/Cell/DefaultValueBinder.php
Parsing file:///home/four12/html/application/libraries/PHPExcel/Cell/Hyperlink.php
Parsing file:///home/four12/html/application/libraries/PHPExcel/Cell/IValueBinder.php
Parsing file:///home/four12/html/application/libraries/PHPExcel/Chart/Axis.php
Parsing file:///home/four12/html/application/libraries/PHPExcel/Chart/DataSeries.php
Parsing file:///home/four12/html/application/libraries/PHPExcel/Chart/DataSeriesValues.php
Parsing file:///home/four12/html/application/libraries/PHPExcel/Chart/Exception.php
Parsing file:///home/four12/html/application/libraries/PHPExcel/Chart/GridLines.php
Parsing file:///home/four12/html/application/libraries/PHPExcel/Chart/Layout.php
Parsing file:///home/four12/html/application/libraries/PHPExcel/Chart/Legend.php
Parsing file:///home/four12/html/application/libraries/PHPExcel/Chart/PlotArea.php
Parsing file:///home/four12/html/application/libraries/PHPExcel/Chart/Properties.php
Parsing file:///home/four12/html/application/libraries/PHPExcel/Chart/Title.php
Parsing file:///home/four12/html/application/libraries/PHPExcel/Chart/Renderer/jpgraph.php
Parsing file:///home/four12/html/application/libraries/PHPExcel/Helper/HTML.php
Parsing file:///home/four12/html/application/libraries/PHPExcel/Reader/Abstract.php
Parsing file:///home/four12/html/application/libraries/PHPExcel/Reader/CSV.php
Parsing file:///home/four12/html/application/libraries/PHPExcel/Reader/DefaultReadFilter.php
Parsing file:///home/four12/html/application/libraries/PHPExcel/Reader/Excel2003XML.php
Parsing file:///home/four12/html/application/libraries/PHPExcel/Reader/Excel2007.php
Parsing file:///home/four12/html/application/libraries/PHPExcel/Reader/Excel5.php
[Info  - 09:56:44] Ignoring file file:///home/four12/html/application/libraries/PHPExcel/Reader/Excel5.php because it exceeds size limit of 150000 bytes (292640)
Parsing file:///home/four12/html/application/libraries/PHPExcel/Reader/Exception.php
Parsing file:///home/four12/html/application/libraries/PHPExcel/Reader/Gnumeric.php
Parsing file:///home/four12/html/application/libraries/PHPExcel/Reader/HTML.php
Parsing file:///home/four12/html/application/libraries/PHPExcel/Reader/IReadFilter.php
Parsing file:///home/four12/html/application/libraries/PHPExcel/Reader/IReader.php
Parsing file:///home/four12/html/application/libraries/PHPExcel/Reader/OOCalc.php
Parsing file:///home/four12/html/application/libraries/PHPExcel/Reader/SYLK.php
Parsing file:///home/four12/html/application/libraries/PHPExcel/Reader/Excel2007/Chart.php
Parsing file:///home/four12/html/application/libraries/PHPExcel/Reader/Excel2007/Theme.php
Parsing file:///home/four12/html/application/libraries/PHPExcel/Reader/Excel5/Color.php
Parsing file:///home/four12/html/application/libraries/PHPExcel/Reader/Excel5/ErrorCode.php
Parsing file:///home/four12/html/application/libraries/PHPExcel/Reader/Excel5/Escher.php
Parsing file:///home/four12/html/application/libraries/PHPExcel/Reader/Excel5/MD5.php
Parsing file:///home/four12/html/application/libraries/PHPExcel/Reader/Excel5/RC4.php
Parsing file:///home/four12/html/application/libraries/PHPExcel/Reader/Excel5/Color/BIFF5.php
Parsing file:///home/four12/html/application/libraries/PHPExcel/Reader/Excel5/Color/BIFF8.php
Parsing file:///home/four12/html/application/libraries/PHPExcel/Reader/Excel5/Color/BuiltIn.php
Parsing file:///home/four12/html/application/libraries/PHPExcel/Reader/Excel5/Style/Border.php
Parsing file:///home/four12/html/application/libraries/PHPExcel/Reader/Excel5/Style/FillPattern.php
Parsing file:///home/four12/html/application/libraries/PHPExcel/RichText/ITextElement.php
Parsing file:///home/four12/html/application/libraries/PHPExcel/RichText/Run.php
Parsing file:///home/four12/html/application/libraries/PHPExcel/RichText/TextElement.php
Parsing file:///home/four12/html/application/libraries/PHPExcel/Shared/CodePage.php
Parsing file:///home/four12/html/application/libraries/PHPExcel/Shared/Date.php
Parsing file:///home/four12/html/application/libraries/PHPExcel/Shared/Drawing.php
Parsing file:///home/four12/html/application/libraries/PHPExcel/Shared/Escher.php
Parsing file:///home/four12/html/application/libraries/PHPExcel/Shared/Excel5.php
Parsing file:///home/four12/html/application/libraries/PHPExcel/Shared/File.php
Parsing file:///home/four12/html/application/libraries/PHPExcel/Shared/Font.php
Parsing file:///home/four12/html/application/libraries/PHPExcel/Shared/OLE.php
Parsing file:///home/four12/html/application/libraries/PHPExcel/Shared/OLERead.php
Parsing file:///home/four12/html/application/libraries/PHPExcel/Shared/PasswordHasher.php
Parsing file:///home/four12/html/application/libraries/PHPExcel/Shared/String.php
Parsing file:///home/four12/html/application/libraries/PHPExcel/Shared/TimeZone.php
Parsing file:///home/four12/html/application/libraries/PHPExcel/Shared/XMLWriter.php
Parsing file:///home/four12/html/application/libraries/PHPExcel/Shared/ZipArchive.php
Parsing file:///home/four12/html/application/libraries/PHPExcel/Shared/ZipStreamWrapper.php
Parsing file:///home/four12/html/application/libraries/PHPExcel/Shared/Escher/DgContainer.php
Parsing file:///home/four12/html/application/libraries/PHPExcel/Shared/Escher/DggContainer.php
Parsing file:///home/four12/html/application/libraries/PHPExcel/Shared/Escher/DggContainer/BstoreContainer.php
Parsing file:///home/four12/html/application/libraries/PHPExcel/Shared/Escher/DggContainer/BstoreContainer/BSE.php
Parsing file:///home/four12/html/application/libraries/PHPExcel/Shared/Escher/DggContainer/BstoreContainer/BSE/Blip.php
Parsing file:///home/four12/html/application/libraries/PHPExcel/Shared/Escher/DgContainer/SpgrContainer.php
Parsing file:///home/four12/html/application/libraries/PHPExcel/Shared/Escher/DgContainer/SpgrContainer/SpContainer.php
Parsing file:///home/four12/html/application/libraries/PHPExcel/Shared/JAMA/CholeskyDecomposition.php
Parsing file:///home/four12/html/application/libraries/PHPExcel/Shared/JAMA/EigenvalueDecomposition.php
Parsing file:///home/four12/html/application/libraries/PHPExcel/Shared/JAMA/LUDecomposition.php
Parsing file:///home/four12/html/application/libraries/PHPExcel/Shared/JAMA/Matrix.php
Parsing file:///home/four12/html/application/libraries/PHPExcel/Shared/JAMA/QRDecomposition.php
Parsing file:///home/four12/html/application/libraries/PHPExcel/Shared/JAMA/SingularValueDecomposition.php
Parsing file:///home/four12/html/application/libraries/PHPExcel/Shared/JAMA/utils/Error.php
Parsing file:///home/four12/html/application/libraries/PHPExcel/Shared/JAMA/utils/Maths.php
Parsing file:///home/four12/html/application/libraries/PHPExcel/Shared/OLE/ChainedBlockStream.php
Parsing file:///home/four12/html/application/libraries/PHPExcel/Shared/OLE/PPS.php
Parsing file:///home/four12/html/application/libraries/PHPExcel/Shared/OLE/PPS/File.php
Parsing file:///home/four12/html/application/libraries/PHPExcel/Shared/OLE/PPS/Root.php
Parsing file:///home/four12/html/application/libraries/PHPExcel/Shared/PCLZip/pclzip.lib.php
[Info  - 09:56:46] Ignoring file file:///home/four12/html/application/libraries/PHPExcel/Shared/PCLZip/pclzip.lib.php because it exceeds size limit of 150000 bytes (214239)
Parsing file:///home/four12/html/application/libraries/PHPExcel/Shared/trend/bestFitClass.php
Parsing file:///home/four12/html/application/libraries/PHPExcel/Shared/trend/exponentialBestFitClass.php
Parsing file:///home/four12/html/application/libraries/PHPExcel/Shared/trend/linearBestFitClass.php
Parsing file:///home/four12/html/application/libraries/PHPExcel/Shared/trend/logarithmicBestFitClass.php
Parsing file:///home/four12/html/application/libraries/PHPExcel/Shared/trend/polynomialBestFitClass.php
Parsing file:///home/four12/html/application/libraries/PHPExcel/Shared/trend/powerBestFitClass.php
Parsing file:///home/four12/html/application/libraries/PHPExcel/Shared/trend/trendClass.php
Parsing file:///home/four12/html/application/libraries/PHPExcel/Style/Alignment.php
Parsing file:///home/four12/html/application/libraries/PHPExcel/Style/Border.php
Parsing file:///home/four12/html/application/libraries/PHPExcel/Style/Borders.php
Parsing file:///home/four12/html/application/libraries/PHPExcel/Style/Conditional.php
Parsing file:///home/four12/html/application/libraries/PHPExcel/Style/Color.php
Parsing file:///home/four12/html/application/libraries/PHPExcel/Style/Fill.php
Parsing file:///home/four12/html/application/libraries/PHPExcel/Style/Font.php
Parsing file:///home/four12/html/application/libraries/PHPExcel/Style/NumberFormat.php
Parsing file:///home/four12/html/application/libraries/PHPExcel/Style/Protection.php
Parsing file:///home/four12/html/application/libraries/PHPExcel/Style/Supervisor.php
Parsing file:///home/four12/html/application/libraries/PHPExcel/Worksheet/AutoFilter.php
Parsing file:///home/four12/html/application/libraries/PHPExcel/Worksheet/BaseDrawing.php
Parsing file:///home/four12/html/application/libraries/PHPExcel/Worksheet/CellIterator.php
Parsing file:///home/four12/html/application/libraries/PHPExcel/Worksheet/Column.php
Parsing file:///home/four12/html/application/libraries/PHPExcel/Worksheet/ColumnCellIterator.php
Parsing file:///home/four12/html/application/libraries/PHPExcel/Worksheet/ColumnDimension.php
Parsing file:///home/four12/html/application/libraries/PHPExcel/Worksheet/ColumnIterator.php
Parsing file:///home/four12/html/application/libraries/PHPExcel/Worksheet/Dimension.php
Parsing file:///home/four12/html/application/libraries/PHPExcel/Worksheet/Drawing.php
Parsing file:///home/four12/html/application/libraries/PHPExcel/Worksheet/HeaderFooter.php
Parsing file:///home/four12/html/application/libraries/PHPExcel/Worksheet/HeaderFooterDrawing.php
Parsing file:///home/four12/html/application/libraries/PHPExcel/Worksheet/MemoryDrawing.php
Parsing file:///home/four12/html/application/libraries/PHPExcel/Worksheet/PageMargins.php
Parsing file:///home/four12/html/application/libraries/PHPExcel/Worksheet/PageSetup.php
[Error - 09:56:46] Error parsing file:///home/four12/html/application/libraries/PHPExcel/Worksheet/PageSetup.php: RuntimeException: A type is missing after a nullable character in /home/four12/.vscode-server/extensions/felixfbecker.php-intellisense-2.3.13/vendor/phpdocumentor/type-resolver/src/TypeResolver.php:251
Stack trace:
#0 /home/four12/.vscode-server/extensions/felixfbecker.php-intellisense-2.3.13/vendor/phpdocumentor/type-resolver/src/TypeResolver.php(191): phpDocumentor\Reflection\TypeResolver->parseTypes(Object(ArrayIterator), Object(phpDocumentor\Reflection\Types\Context), 1)
#1 /home/four12/.vscode-server/extensions/felixfbecker.php-intellisense-2.3.13/vendor/phpdocumentor/type-resolver/src/TypeResolver.php(146): phpDocumentor\Reflection\TypeResolver->parseTypes(Object(ArrayIterator), Object(phpDocumentor\Reflection\Types\Context), 0)
#2 /home/four12/.vscode-server/extensions/felixfbecker.php-intellisense-2.3.13/vendor/phpdocumentor/reflection-docblock/src/DocBlock/Tags/Var_.php(68): phpDocumentor\Reflection\TypeResolver->resolve('int?', Object(phpDocumentor\Reflection\Types\Context))
#3 [internal function]: phpDocumentor\Reflection\DocBlock\Tags\Var_::create('int?', Object(phpDocumentor\Reflection\TypeResolver), Object(phpDocumentor\Reflection\DocBlock\DescriptionFactory), Object(phpDocumentor\Reflection\Types\Context))
#4 /home/four12/.vscode-server/extensions/felixfbecker.php-intellisense-2.3.13/vendor/phpdocumentor/reflection-docblock/src/DocBlock/StandardTagFactory.php(201): call_user_func_array(Array, Array)
#5 /home/four12/.vscode-server/extensions/felixfbecker.php-intellisense-2.3.13/vendor/phpdocumentor/reflection-docblock/src/DocBlock/StandardTagFactory.php(122): phpDocumentor\Reflection\DocBlock\StandardTagFactory->createTag('int?', 'var', Object(phpDocumentor\Reflection\Types\Context))
#6 /home/four12/.vscode-server/extensions/felixfbecker.php-intellisense-2.3.13/vendor/phpdocumentor/reflection-docblock/src/DocBlockFactory.php(231): phpDocumentor\Reflection\DocBlock\StandardTagFactory->create('@var int?', Object(phpDocumentor\Reflection\Types\Context))
#7 /home/four12/.vscode-server/extensions/felixfbecker.php-intellisense-2.3.13/vendor/phpdocumentor/reflection-docblock/src/DocBlockFactory.php(96): phpDocumentor\Reflection\DocBlockFactory->parseTagBlock('@var int?', Object(phpDocumentor\Reflection\Types\Context))
#8 /home/four12/.vscode-server/extensions/felixfbecker.php-intellisense-2.3.13/vendor/felixfbecker/language-server/src/DefinitionResolver.php(166): phpDocumentor\Reflection\DocBlockFactory->create('/**\n     * Scal...', Object(phpDocumentor\Reflection\Types\Context))
#9 /home/four12/.vscode-server/extensions/felixfbecker.php-intellisense-2.3.13/vendor/felixfbecker/language-server/src/DefinitionResolver.php(1195): LanguageServer\DefinitionResolver->getDocBlock(Object(Microsoft\PhpParser\Node\PropertyDeclaration))
#10 /home/four12/.vscode-server/extensions/felixfbecker.php-intellisense-2.3.13/vendor/felixfbecker/language-server/src/DefinitionResolver.php(240): LanguageServer\DefinitionResolver->getTypeFromNode(Object(Microsoft\PhpParser\Node\Expression\Variable))
#11 /home/four12/.vscode-server/extensions/felixfbecker.php-intellisense-2.3.13/vendor/felixfbecker/language-server/src/TreeAnalyzer.php(157): LanguageServer\DefinitionResolver->createDefinitionFromNode(Object(Microsoft\PhpParser\Node\Expression\Variable), 'PHPExcel_Worksh...')
#12 /home/four12/.vscode-server/extensions/felixfbecker.php-intellisense-2.3.13/vendor/felixfbecker/language-server/src/TreeAnalyzer.php(124): LanguageServer\TreeAnalyzer->collectDefinitionsAndReferences(Object(Microsoft\PhpParser\Node\Expression\Variable))
#13 /home/four12/.vscode-server/extensions/felixfbecker.php-intellisense-2.3.13/vendor/felixfbecker/language-server/src/TreeAnalyzer.php(140): LanguageServer\TreeAnalyzer->traverse(Object(Microsoft\PhpParser\Node\Expression\Variable))
#14 /home/four12/.vscode-server/extensions/felixfbecker.php-intellisense-2.3.13/vendor/felixfbecker/language-server/src/TreeAnalyzer.php(136): LanguageServer\TreeAnalyzer->traverse(Object(Microsoft\PhpParser\Node\Expression\AssignmentExpression))
#15 /home/four12/.vscode-server/extensions/felixfbecker.php-intellisense-2.3.13/vendor/felixfbecker/language-server/src/TreeAnalyzer.php(140): LanguageServer\TreeAnalyzer->traverse(Object(Microsoft\PhpParser\Node\DelimitedList\ExpressionList))
#16 /home/four12/.vscode-server/extensions/felixfbecker.php-intellisense-2.3.13/vendor/felixfbecker/language-server/src/TreeAnalyzer.php(136): LanguageServer\TreeAnalyzer->traverse(Object(Microsoft\PhpParser\Node\PropertyDeclaration))
#17 /home/four12/.vscode-server/extensions/felixfbecker.php-intellisense-2.3.13/vendor/felixfbecker/language-server/src/TreeAnalyzer.php(140): LanguageServer\TreeAnalyzer->traverse(Object(Microsoft\PhpParser\Node\ClassMembersNode))
#18 /home/four12/.vscode-server/extensions/felixfbecker.php-intellisense-2.3.13/vendor/felixfbecker/language-server/src/TreeAnalyzer.php(136): LanguageServer\TreeAnalyzer->traverse(Object(Microsoft\PhpParser\Node\Statement\ClassDeclaration))
#19 /home/four12/.vscode-server/extensions/felixfbecker.php-intellisense-2.3.13/vendor/felixfbecker/language-server/src/TreeAnalyzer.php(58): LanguageServer\TreeAnalyzer->traverse(Object(Microsoft\PhpParser\Node\SourceFileNode))
#20 /home/four12/.vscode-server/extensions/felixfbecker.php-intellisense-2.3.13/vendor/felixfbecker/language-server/src/PhpDocument.php(147): LanguageServer\TreeAnalyzer->__construct(Object(Microsoft\PhpParser\Parser), '<?php\n/**\n * PH...', Object(phpDocumentor\Reflection\DocBlockFactory), Object(LanguageServer\DefinitionResolver), 'file:///home/fo...')
#21 /home/four12/.vscode-server/extensions/felixfbecker.php-intellisense-2.3.13/vendor/felixfbecker/language-server/src/PhpDocument.php(105): LanguageServer\PhpDocument->updateContent('<?php\n/**\n * PH...')
#22 /home/four12/.vscode-server/extensions/felixfbecker.php-intellisense-2.3.13/vendor/felixfbecker/language-server/src/PhpDocumentLoader.php(141): LanguageServer\PhpDocument->__construct('file:///home/fo...', '<?php\n/**\n * PH...', Object(LanguageServer\Index\Index), Object(Microsoft\PhpParser\Parser), Object(phpDocumentor\Reflection\DocBlockFactory), Object(LanguageServer\DefinitionResolver))
#23 /home/four12/.vscode-server/extensions/felixfbecker.php-intellisense-2.3.13/vendor/felixfbecker/language-server/src/PhpDocumentLoader.php(120): LanguageServer\PhpDocumentLoader->create('file:///home/fo...', '<?php\n/**\n * PH...')
#24 [internal function]: LanguageServer\PhpDocumentLoader->LanguageServer\{closure}()
#25 /home/four12/.vscode-server/extensions/felixfbecker.php-intellisense-2.3.13/vendor/sabre/event/lib/coroutine.php(70): Generator->send('<?php\n/**\n * PH...')
#26 /home/four12/.vscode-server/extensions/felixfbecker.php-intellisense-2.3.13/vendor/sabre/event/lib/Promise.php(242): Sabre\Event\{closure}('<?php\n/**\n * PH...')
#27 /home/four12/.vscode-server/extensions/felixfbecker.php-intellisense-2.3.13/vendor/sabre/event/lib/Loop/Loop.php(261): Sabre\Event\Promise->Sabre\Event\{closure}()
#28 /home/four12/.vscode-server/extensions/felixfbecker.php-intellisense-2.3.13/vendor/sabre/event/lib/Loop/Loop.php(215): Sabre\Event\Loop\Loop->runNextTicks()
#29 /home/four12/.vscode-server/extensions/felixfbecker.php-intellisense-2.3.13/vendor/sabre/event/lib/Loop/Loop.php(194): Sabre\Event\Loop\Loop->tick(true)
#30 /home/four12/.vscode-server/extensions/felixfbecker.php-intellisense-2.3.13/vendor/sabre/event/lib/Loop/functions.php(122): Sabre\Event\Loop\Loop->run()
#31 /home/four12/.vscode-server/extensions/felixfbecker.php-intellisense-2.3.13/vendor/felixfbecker/language-server/bin/php-language-server.php(55): Sabre\Event\Loop\run()
#32 {main}
Parsing file:///home/four12/html/application/libraries/PHPExcel/Worksheet/Protection.php
Parsing file:///home/four12/html/application/libraries/PHPExcel/Worksheet/Row.php
Parsing file:///home/four12/html/application/libraries/PHPExcel/Worksheet/RowCellIterator.php
Parsing file:///home/four12/html/application/libraries/PHPExcel/Worksheet/RowDimension.php
Parsing file:///home/four12/html/application/libraries/PHPExcel/Worksheet/RowIterator.php
Parsing file:///home/four12/html/application/libraries/PHPExcel/Worksheet/SheetView.php
Parsing file:///home/four12/html/application/libraries/PHPExcel/Worksheet/AutoFilter/Column.php
Parsing file:///home/four12/html/application/libraries/PHPExcel/Worksheet/AutoFilter/Column/Rule.php
Parsing file:///home/four12/html/application/libraries/PHPExcel/Worksheet/Drawing/Shadow.php
Parsing file:///home/four12/html/application/libraries/PHPExcel/Writer/Abstract.php
Parsing file:///home/four12/html/application/libraries/PHPExcel/Writer/CSV.php
Parsing file:///home/four12/html/application/libraries/PHPExcel/Writer/Excel2007.php
Parsing file:///home/four12/html/application/libraries/PHPExcel/Writer/Excel5.php
Parsing file:///home/four12/html/application/libraries/PHPExcel/Writer/Exception.php
Parsing file:///home/four12/html/application/libraries/PHPExcel/Writer/HTML.php
Parsing file:///home/four12/html/application/libraries/PHPExcel/Writer/IWriter.php
Parsing file:///home/four12/html/application/libraries/PHPExcel/Writer/OpenDocument.php
Parsing file:///home/four12/html/application/libraries/PHPExcel/Writer/PDF.php
Parsing file:///home/four12/html/application/libraries/PHPExcel/Writer/Excel2007/Chart.php
Parsing file:///home/four12/html/application/libraries/PHPExcel/Writer/Excel2007/Comments.php
Parsing file:///home/four12/html/application/libraries/PHPExcel/Writer/Excel2007/ContentTypes.php
Parsing file:///home/four12/html/application/libraries/PHPExcel/Writer/Excel2007/DocProps.php
Parsing file:///home/four12/html/application/libraries/PHPExcel/Writer/Excel2007/Drawing.php
Parsing file:///home/four12/html/application/libraries/PHPExcel/Writer/Excel2007/Rels.php
Parsing file:///home/four12/html/application/libraries/PHPExcel/Writer/Excel2007/RelsRibbon.php
Parsing file:///home/four12/html/application/libraries/PHPExcel/Writer/Excel2007/RelsVBA.php
Parsing file:///home/four12/html/application/libraries/PHPExcel/Writer/Excel2007/StringTable.php
Parsing file:///home/four12/html/application/libraries/PHPExcel/Writer/Excel2007/Style.php
Parsing file:///home/four12/html/application/libraries/PHPExcel/Writer/Excel2007/Theme.php
Parsing file:///home/four12/html/application/libraries/PHPExcel/Writer/Excel2007/Workbook.php
Parsing file:///home/four12/html/application/libraries/PHPExcel/Writer/Excel2007/Worksheet.php
Parsing file:///home/four12/html/application/libraries/PHPExcel/Writer/Excel2007/WriterPart.php
Parsing file:///home/four12/html/application/libraries/PHPExcel/Writer/Excel5/BIFFwriter.php
Parsing file:///home/four12/html/application/libraries/PHPExcel/Writer/Excel5/Escher.php
Parsing file:///home/four12/html/application/libraries/PHPExcel/Writer/Excel5/Font.php
Parsing file:///home/four12/html/application/libraries/PHPExcel/Writer/Excel5/Parser.php
Parsing file:///home/four12/html/application/libraries/PHPExcel/Writer/Excel5/Workbook.php
Parsing file:///home/four12/html/application/libraries/PHPExcel/Writer/Excel5/Worksheet.php
[Info  - 09:56:50] Ignoring file file:///home/four12/html/application/libraries/PHPExcel/Writer/Excel5/Worksheet.php because it exceeds size limit of 150000 bytes (160405)
Parsing file:///home/four12/html/application/libraries/PHPExcel/Writer/Excel5/Xf.php
Parsing file:///home/four12/html/application/libraries/PHPExcel/Writer/OpenDocument/Content.php
Parsing file:///home/four12/html/application/libraries/PHPExcel/Writer/OpenDocument/Meta.php
Parsing file:///home/four12/html/application/libraries/PHPExcel/Writer/OpenDocument/MetaInf.php
Parsing file:///home/four12/html/application/libraries/PHPExcel/Writer/OpenDocument/Mimetype.php
Parsing file:///home/four12/html/application/libraries/PHPExcel/Writer/OpenDocument/Settings.php
Parsing file:///home/four12/html/application/libraries/PHPExcel/Writer/OpenDocument/Styles.php
Parsing file:///home/four12/html/application/libraries/PHPExcel/Writer/OpenDocument/Thumbnails.php
Parsing file:///home/four12/html/application/libraries/PHPExcel/Writer/OpenDocument/WriterPart.php
Parsing file:///home/four12/html/application/libraries/PHPExcel/Writer/OpenDocument/Cell/Comment.php
Parsing file:///home/four12/html/application/libraries/PHPExcel/Writer/PDF/Core.php
Parsing file:///home/four12/html/application/libraries/PHPExcel/Writer/PDF/DomPDF.php
Parsing file:///home/four12/html/application/libraries/PHPExcel/Writer/PDF/mPDF.php
Parsing file:///home/four12/html/application/libraries/PHPExcel/Writer/PDF/tcPDF.php
Parsing file:///home/four12/html/application/libraries/PhpSpreadsheet/autoload.php
Parsing file:///home/four12/html/application/libraries/PhpSpreadsheet/composer/ClassLoader.php
Parsing file:///home/four12/html/application/libraries/PhpSpreadsheet/composer/autoload_classmap.php
Parsing file:///home/four12/html/application/libraries/PhpSpreadsheet/composer/autoload_files.php
Parsing file:///home/four12/html/application/libraries/PhpSpreadsheet/composer/autoload_namespaces.php
Parsing file:///home/four12/html/application/libraries/PhpSpreadsheet/composer/autoload_psr4.php
Parsing file:///home/four12/html/application/libraries/PhpSpreadsheet/composer/autoload_real.php
Parsing file:///home/four12/html/application/libraries/PhpSpreadsheet/composer/autoload_static.php
Parsing file:///home/four12/html/application/libraries/PhpSpreadsheet/markbaker/complex/classes/Autoloader.php
Parsing file:///home/four12/html/application/libraries/PhpSpreadsheet/markbaker/complex/classes/Bootstrap.php
Parsing file:///home/four12/html/application/libraries/PhpSpreadsheet/markbaker/complex/classes/src/Complex.php
Parsing file:///home/four12/html/application/libraries/PhpSpreadsheet/markbaker/complex/classes/src/Exception.php
Parsing file:///home/four12/html/application/libraries/PhpSpreadsheet/markbaker/complex/classes/src/functions/abs.php
Parsing file:///home/four12/html/application/libraries/PhpSpreadsheet/markbaker/complex/classes/src/functions/acos.php
Parsing file:///home/four12/html/application/libraries/PhpSpreadsheet/markbaker/complex/classes/src/functions/acosh.php
Parsing file:///home/four12/html/application/libraries/PhpSpreadsheet/markbaker/complex/classes/src/functions/acot.php
Parsing file:///home/four12/html/application/libraries/PhpSpreadsheet/markbaker/complex/classes/src/functions/acoth.php
Parsing file:///home/four12/html/application/libraries/PhpSpreadsheet/markbaker/complex/classes/src/functions/acsc.php
Parsing file:///home/four12/html/application/libraries/PhpSpreadsheet/markbaker/complex/classes/src/functions/acsch.php
Parsing file:///home/four12/html/application/libraries/PhpSpreadsheet/markbaker/complex/classes/src/functions/argument.php
Parsing file:///home/four12/html/application/libraries/PhpSpreadsheet/markbaker/complex/classes/src/functions/asec.php
Parsing file:///home/four12/html/application/libraries/PhpSpreadsheet/markbaker/complex/classes/src/functions/asech.php
Parsing file:///home/four12/html/application/libraries/PhpSpreadsheet/markbaker/complex/classes/src/functions/asin.php
Parsing file:///home/four12/html/application/libraries/PhpSpreadsheet/markbaker/complex/classes/src/functions/asinh.php
Parsing file:///home/four12/html/application/libraries/PhpSpreadsheet/markbaker/complex/classes/src/functions/atan.php
Parsing file:///home/four12/html/application/libraries/PhpSpreadsheet/markbaker/complex/classes/src/functions/atanh.php
Parsing file:///home/four12/html/application/libraries/PhpSpreadsheet/markbaker/complex/classes/src/functions/conjugate.php
Parsing file:///home/four12/html/application/libraries/PhpSpreadsheet/markbaker/complex/classes/src/functions/cos.php
Parsing file:///home/four12/html/application/libraries/PhpSpreadsheet/markbaker/complex/classes/src/functions/cosh.php
Parsing file:///home/four12/html/application/libraries/PhpSpreadsheet/markbaker/complex/classes/src/functions/cot.php
Parsing file:///home/four12/html/application/libraries/PhpSpreadsheet/markbaker/complex/classes/src/functions/coth.php
Parsing file:///home/four12/html/application/libraries/PhpSpreadsheet/markbaker/complex/classes/src/functions/csc.php
Parsing file:///home/four12/html/application/libraries/PhpSpreadsheet/markbaker/complex/classes/src/functions/csch.php
Parsing file:///home/four12/html/application/libraries/PhpSpreadsheet/markbaker/complex/classes/src/functions/exp.php
Parsing file:///home/four12/html/application/libraries/PhpSpreadsheet/markbaker/complex/classes/src/functions/inverse.php
Parsing file:///home/four12/html/application/libraries/PhpSpreadsheet/markbaker/complex/classes/src/functions/ln.php
Parsing file:///home/four12/html/application/libraries/PhpSpreadsheet/markbaker/complex/classes/src/functions/log10.php
Parsing file:///home/four12/html/application/libraries/PhpSpreadsheet/markbaker/complex/classes/src/functions/log2.php
Parsing file:///home/four12/html/application/libraries/PhpSpreadsheet/markbaker/complex/classes/src/functions/negative.php
Parsing file:///home/four12/html/application/libraries/PhpSpreadsheet/markbaker/complex/classes/src/functions/pow.php
Parsing file:///home/four12/html/application/libraries/PhpSpreadsheet/markbaker/complex/classes/src/functions/rho.php
Parsing file:///home/four12/html/application/libraries/PhpSpreadsheet/markbaker/complex/classes/src/functions/sec.php
Parsing file:///home/four12/html/application/libraries/PhpSpreadsheet/markbaker/complex/classes/src/functions/sech.php
Parsing file:///home/four12/html/application/libraries/PhpSpreadsheet/markbaker/complex/classes/src/functions/sin.php
Parsing file:///home/four12/html/application/libraries/PhpSpreadsheet/markbaker/complex/classes/src/functions/sinh.php
Parsing file:///home/four12/html/application/libraries/PhpSpreadsheet/markbaker/complex/classes/src/functions/sqrt.php
Parsing file:///home/four12/html/application/libraries/PhpSpreadsheet/markbaker/complex/classes/src/functions/tan.php
Parsing file:///home/four12/html/application/libraries/PhpSpreadsheet/markbaker/complex/classes/src/functions/tanh.php
Parsing file:///home/four12/html/application/libraries/PhpSpreadsheet/markbaker/complex/classes/src/functions/theta.php
Parsing file:///home/four12/html/application/libraries/PhpSpreadsheet/markbaker/complex/classes/src/operations/add.php
Parsing file:///home/four12/html/application/libraries/PhpSpreadsheet/markbaker/complex/classes/src/operations/divideby.php
Parsing file:///home/four12/html/application/libraries/PhpSpreadsheet/markbaker/complex/classes/src/operations/divideinto.php
Parsing file:///home/four12/html/application/libraries/PhpSpreadsheet/markbaker/complex/classes/src/operations/multiply.php
Parsing file:///home/four12/html/application/libraries/PhpSpreadsheet/markbaker/complex/classes/src/operations/subtract.php
Parsing file:///home/four12/html/application/libraries/PhpSpreadsheet/markbaker/complex/examples/complexTest.php
Parsing file:///home/four12/html/application/libraries/PhpSpreadsheet/markbaker/complex/examples/testFunctions.php
Parsing file:///home/four12/html/application/libraries/PhpSpreadsheet/markbaker/complex/examples/testOperations.php
Parsing file:///home/four12/html/application/libraries/PhpSpreadsheet/markbaker/matrix/buildPhar.php
Parsing file:///home/four12/html/application/libraries/PhpSpreadsheet/markbaker/matrix/classes/Autoloader.php
Parsing file:///home/four12/html/application/libraries/PhpSpreadsheet/markbaker/matrix/classes/Bootstrap.php
Parsing file:///home/four12/html/application/libraries/PhpSpreadsheet/markbaker/matrix/classes/src/Builder.php
Parsing file:///home/four12/html/application/libraries/PhpSpreadsheet/markbaker/matrix/classes/src/Exception.php
Parsing file:///home/four12/html/application/libraries/PhpSpreadsheet/markbaker/matrix/classes/src/Functions.php
Parsing file:///home/four12/html/application/libraries/PhpSpreadsheet/markbaker/matrix/classes/src/Matrix.php
Parsing file:///home/four12/html/application/libraries/PhpSpreadsheet/markbaker/matrix/classes/src/Operators/Addition.php
Parsing file:///home/four12/html/application/libraries/PhpSpreadsheet/markbaker/matrix/classes/src/Operators/DirectSum.php
Parsing file:///home/four12/html/application/libraries/PhpSpreadsheet/markbaker/matrix/classes/src/Operators/Division.php
Parsing file:///home/four12/html/application/libraries/PhpSpreadsheet/markbaker/matrix/classes/src/Operators/Multiplication.php
Parsing file:///home/four12/html/application/libraries/PhpSpreadsheet/markbaker/matrix/classes/src/Operators/Operator.php
Parsing file:///home/four12/html/application/libraries/PhpSpreadsheet/markbaker/matrix/classes/src/Operators/Subtraction.php
Parsing file:///home/four12/html/application/libraries/PhpSpreadsheet/markbaker/matrix/classes/src/functions/adjoint.php
Parsing file:///home/four12/html/application/libraries/PhpSpreadsheet/markbaker/matrix/classes/src/functions/antidiagonal.php
Parsing file:///home/four12/html/application/libraries/PhpSpreadsheet/markbaker/matrix/classes/src/functions/cofactors.php
Parsing file:///home/four12/html/application/libraries/PhpSpreadsheet/markbaker/matrix/classes/src/functions/determinant.php
Parsing file:///home/four12/html/application/libraries/PhpSpreadsheet/markbaker/matrix/classes/src/functions/diagonal.php
Parsing file:///home/four12/html/application/libraries/PhpSpreadsheet/markbaker/matrix/classes/src/functions/identity.php
Parsing file:///home/four12/html/application/libraries/PhpSpreadsheet/markbaker/matrix/classes/src/functions/inverse.php
Parsing file:///home/four12/html/application/libraries/PhpSpreadsheet/markbaker/matrix/classes/src/functions/minors.php
Parsing file:///home/four12/html/application/libraries/PhpSpreadsheet/markbaker/matrix/classes/src/functions/trace.php
Parsing file:///home/four12/html/application/libraries/PhpSpreadsheet/markbaker/matrix/classes/src/functions/transpose.php
Parsing file:///home/four12/html/application/libraries/PhpSpreadsheet/markbaker/matrix/classes/src/operations/add.php
Parsing file:///home/four12/html/application/libraries/PhpSpreadsheet/markbaker/matrix/classes/src/operations/directsum.php
Parsing file:///home/four12/html/application/libraries/PhpSpreadsheet/markbaker/matrix/classes/src/operations/divideby.php
Parsing file:///home/four12/html/application/libraries/PhpSpreadsheet/markbaker/matrix/classes/src/operations/divideinto.php
Parsing file:///home/four12/html/application/libraries/PhpSpreadsheet/markbaker/matrix/classes/src/operations/multiply.php
Parsing file:///home/four12/html/application/libraries/PhpSpreadsheet/markbaker/matrix/classes/src/operations/subtract.php
Parsing file:///home/four12/html/application/libraries/PhpSpreadsheet/markbaker/matrix/examples/test.php
Parsing file:///home/four12/html/application/libraries/PhpSpreadsheet/phpoffice/phpspreadsheet/.sami.php
Parsing file:///home/four12/html/application/libraries/PhpSpreadsheet/phpoffice/phpspreadsheet/samples/Header.php
Parsing file:///home/four12/html/application/libraries/PhpSpreadsheet/phpoffice/phpspreadsheet/samples/index.php
Parsing file:///home/four12/html/application/libraries/PhpSpreadsheet/phpoffice/phpspreadsheet/samples/Autofilter/10_Autofilter.php
Parsing file:///home/four12/html/application/libraries/PhpSpreadsheet/phpoffice/phpspreadsheet/samples/Autofilter/10_Autofilter_selection_1.php
Parsing file:///home/four12/html/application/libraries/PhpSpreadsheet/phpoffice/phpspreadsheet/samples/Autofilter/10_Autofilter_selection_2.php
Parsing file:///home/four12/html/application/libraries/PhpSpreadsheet/phpoffice/phpspreadsheet/samples/Autofilter/10_Autofilter_selection_display.php
Parsing file:///home/four12/html/application/libraries/PhpSpreadsheet/phpoffice/phpspreadsheet/samples/Basic/01_Simple.php
Parsing file:///home/four12/html/application/libraries/PhpSpreadsheet/phpoffice/phpspreadsheet/samples/Basic/01_Simple_download_ods.php
Parsing file:///home/four12/html/application/libraries/PhpSpreadsheet/phpoffice/phpspreadsheet/samples/Basic/01_Simple_download_pdf.php
Parsing file:///home/four12/html/application/libraries/PhpSpreadsheet/phpoffice/phpspreadsheet/samples/Basic/01_Simple_download_xls.php
Parsing file:///home/four12/html/application/libraries/PhpSpreadsheet/phpoffice/phpspreadsheet/samples/Basic/01_Simple_download_xlsx.php
Parsing file:///home/four12/html/application/libraries/PhpSpreadsheet/phpoffice/phpspreadsheet/samples/Basic/02_Types.php
Parsing file:///home/four12/html/application/libraries/PhpSpreadsheet/phpoffice/phpspreadsheet/samples/Basic/03_Formulas.php
Parsing file:///home/four12/html/application/libraries/PhpSpreadsheet/phpoffice/phpspreadsheet/samples/Basic/04_Printing.php
Parsing file:///home/four12/html/application/libraries/PhpSpreadsheet/phpoffice/phpspreadsheet/samples/Basic/05_Feature_demo.php
Parsing file:///home/four12/html/application/libraries/PhpSpreadsheet/phpoffice/phpspreadsheet/samples/Basic/06_Largescale.php
Parsing file:///home/four12/html/application/libraries/PhpSpreadsheet/phpoffice/phpspreadsheet/samples/Basic/07_Reader.php
Parsing file:///home/four12/html/application/libraries/PhpSpreadsheet/phpoffice/phpspreadsheet/samples/Basic/08_Conditional_formatting.php
Parsing file:///home/four12/html/application/libraries/PhpSpreadsheet/phpoffice/phpspreadsheet/samples/Basic/08_Conditional_formatting_2.php
Parsing file:///home/four12/html/application/libraries/PhpSpreadsheet/phpoffice/phpspreadsheet/samples/Basic/09_Pagebreaks.php
Parsing file:///home/four12/html/application/libraries/PhpSpreadsheet/phpoffice/phpspreadsheet/samples/Basic/11_Documentsecurity.php
Parsing file:///home/four12/html/application/libraries/PhpSpreadsheet/phpoffice/phpspreadsheet/samples/Basic/12_CellProtection.php
Parsing file:///home/four12/html/application/libraries/PhpSpreadsheet/phpoffice/phpspreadsheet/samples/Basic/13_Calculation.php
Parsing file:///home/four12/html/application/libraries/PhpSpreadsheet/phpoffice/phpspreadsheet/samples/Basic/13_CalculationCyclicFormulae.php
Parsing file:///home/four12/html/application/libraries/PhpSpreadsheet/phpoffice/phpspreadsheet/samples/Basic/14_Xls.php
Parsing file:///home/four12/html/application/libraries/PhpSpreadsheet/phpoffice/phpspreadsheet/samples/Basic/15_Datavalidation.php
Parsing file:///home/four12/html/application/libraries/PhpSpreadsheet/phpoffice/phpspreadsheet/samples/Basic/16_Csv.php
Parsing file:///home/four12/html/application/libraries/PhpSpreadsheet/phpoffice/phpspreadsheet/samples/Basic/17_Html.php
Parsing file:///home/four12/html/application/libraries/PhpSpreadsheet/phpoffice/phpspreadsheet/samples/Basic/18_Extendedcalculation.php
Parsing file:///home/four12/html/application/libraries/PhpSpreadsheet/phpoffice/phpspreadsheet/samples/Basic/19_Namedrange.php
Parsing file:///home/four12/html/application/libraries/PhpSpreadsheet/phpoffice/phpspreadsheet/samples/Basic/20_Read_Excel2003XML.php
Parsing file:///home/four12/html/application/libraries/PhpSpreadsheet/phpoffice/phpspreadsheet/samples/Basic/20_Read_Gnumeric.php
Parsing file:///home/four12/html/application/libraries/PhpSpreadsheet/phpoffice/phpspreadsheet/samples/Basic/20_Read_Ods.php
Parsing file:///home/four12/html/application/libraries/PhpSpreadsheet/phpoffice/phpspreadsheet/samples/Basic/20_Read_Sylk.php
Parsing file:///home/four12/html/application/libraries/PhpSpreadsheet/phpoffice/phpspreadsheet/samples/Basic/20_Read_Xls.php
Parsing file:///home/four12/html/application/libraries/PhpSpreadsheet/phpoffice/phpspreadsheet/samples/Basic/22_Heavily_formatted.php
Parsing file:///home/four12/html/application/libraries/PhpSpreadsheet/phpoffice/phpspreadsheet/samples/Basic/23_Sharedstyles.php
Parsing file:///home/four12/html/application/libraries/PhpSpreadsheet/phpoffice/phpspreadsheet/samples/Basic/24_Readfilter.php
Parsing file:///home/four12/html/application/libraries/PhpSpreadsheet/phpoffice/phpspreadsheet/samples/Basic/25_In_memory_image.php
Parsing file:///home/four12/html/application/libraries/PhpSpreadsheet/phpoffice/phpspreadsheet/samples/Basic/26_Utf8.php
Parsing file:///home/four12/html/application/libraries/PhpSpreadsheet/phpoffice/phpspreadsheet/samples/Basic/27_Images_Xls.php
Parsing file:///home/four12/html/application/libraries/PhpSpreadsheet/phpoffice/phpspreadsheet/samples/Basic/28_Iterator.php
Parsing file:///home/four12/html/application/libraries/PhpSpreadsheet/phpoffice/phpspreadsheet/samples/Basic/29_Advanced_value_binder.php
Parsing file:///home/four12/html/application/libraries/PhpSpreadsheet/phpoffice/phpspreadsheet/samples/Basic/30_Template.php
Parsing file:///home/four12/html/application/libraries/PhpSpreadsheet/phpoffice/phpspreadsheet/samples/Basic/31_Document_properties_write.php
Parsing file:///home/four12/html/application/libraries/PhpSpreadsheet/phpoffice/phpspreadsheet/samples/Basic/31_Document_properties_write_xls.php
Parsing file:///home/four12/html/application/libraries/PhpSpreadsheet/phpoffice/phpspreadsheet/samples/Basic/37_Page_layout_view.php
Parsing file:///home/four12/html/application/libraries/PhpSpreadsheet/phpoffice/phpspreadsheet/samples/Basic/38_Clone_worksheet.php
Parsing file:///home/four12/html/application/libraries/PhpSpreadsheet/phpoffice/phpspreadsheet/samples/Basic/39_Dropdown.php
Parsing file:///home/four12/html/application/libraries/PhpSpreadsheet/phpoffice/phpspreadsheet/samples/Basic/40_Duplicate_style.php
Parsing file:///home/four12/html/application/libraries/PhpSpreadsheet/phpoffice/phpspreadsheet/samples/Basic/41_Password.php
Parsing file:///home/four12/html/application/libraries/PhpSpreadsheet/phpoffice/phpspreadsheet/samples/Basic/42_RichText.php
Parsing file:///home/four12/html/application/libraries/PhpSpreadsheet/phpoffice/phpspreadsheet/samples/Basic/43_Merge_workbooks.php
Parsing file:///home/four12/html/application/libraries/PhpSpreadsheet/phpoffice/phpspreadsheet/samples/Basic/44_Worksheet_info.php
Parsing file:///home/four12/html/application/libraries/PhpSpreadsheet/phpoffice/phpspreadsheet/samples/Basic/45_Quadratic_equation_solver.php
Parsing file:///home/four12/html/application/libraries/PhpSpreadsheet/phpoffice/phpspreadsheet/samples/Basic/46_ReadHtml.php
Parsing file:///home/four12/html/application/libraries/PhpSpreadsheet/phpoffice/phpspreadsheet/samples/Calculations/DateTime/DATE.php
Parsing file:///home/four12/html/application/libraries/PhpSpreadsheet/phpoffice/phpspreadsheet/samples/Calculations/DateTime/DATEVALUE.php
Parsing file:///home/four12/html/application/libraries/PhpSpreadsheet/phpoffice/phpspreadsheet/samples/Calculations/DateTime/TIME.php
Parsing file:///home/four12/html/application/libraries/PhpSpreadsheet/phpoffice/phpspreadsheet/samples/Calculations/DateTime/TIMEVALUE.php
Parsing file:///home/four12/html/application/libraries/PhpSpreadsheet/phpoffice/phpspreadsheet/samples/Calculations/Database/DAVERAGE.php
Parsing file:///home/four12/html/application/libraries/PhpSpreadsheet/phpoffice/phpspreadsheet/samples/Calculations/Database/DCOUNT.php
Parsing file:///home/four12/html/application/libraries/PhpSpreadsheet/phpoffice/phpspreadsheet/samples/Calculations/Database/DGET.php
Parsing file:///home/four12/html/application/libraries/PhpSpreadsheet/phpoffice/phpspreadsheet/samples/Calculations/Database/DMAX.php
Parsing file:///home/four12/html/application/libraries/PhpSpreadsheet/phpoffice/phpspreadsheet/samples/Calculations/Database/DMIN.php
Parsing file:///home/four12/html/application/libraries/PhpSpreadsheet/phpoffice/phpspreadsheet/samples/Calculations/Database/DPRODUCT.php
Parsing file:///home/four12/html/application/libraries/PhpSpreadsheet/phpoffice/phpspreadsheet/samples/Calculations/Database/DSTDEV.php
Parsing file:///home/four12/html/application/libraries/PhpSpreadsheet/phpoffice/phpspreadsheet/samples/Calculations/Database/DSTDEVP.php
Parsing file:///home/four12/html/application/libraries/PhpSpreadsheet/phpoffice/phpspreadsheet/samples/Calculations/Database/DVAR.php
Parsing file:///home/four12/html/application/libraries/PhpSpreadsheet/phpoffice/phpspreadsheet/samples/Calculations/Database/DVARP.php
Parsing file:///home/four12/html/application/libraries/PhpSpreadsheet/phpoffice/phpspreadsheet/samples/Chart/32_Chart_read_write.php
Parsing file:///home/four12/html/application/libraries/PhpSpreadsheet/phpoffice/phpspreadsheet/samples/Chart/32_Chart_read_write_HTML.php
Parsing file:///home/four12/html/application/libraries/PhpSpreadsheet/phpoffice/phpspreadsheet/samples/Chart/32_Chart_read_write_PDF.php
Parsing file:///home/four12/html/application/libraries/PhpSpreadsheet/phpoffice/phpspreadsheet/samples/Chart/33_Chart_create_area.php
Parsing file:///home/four12/html/application/libraries/PhpSpreadsheet/phpoffice/phpspreadsheet/samples/Chart/33_Chart_create_bar.php
Parsing file:///home/four12/html/application/libraries/PhpSpreadsheet/phpoffice/phpspreadsheet/samples/Chart/33_Chart_create_bar_stacked.php
Parsing file:///home/four12/html/application/libraries/PhpSpreadsheet/phpoffice/phpspreadsheet/samples/Chart/33_Chart_create_column.php
Parsing file:///home/four12/html/application/libraries/PhpSpreadsheet/phpoffice/phpspreadsheet/samples/Chart/33_Chart_create_column_2.php
Parsing file:///home/four12/html/application/libraries/PhpSpreadsheet/phpoffice/phpspreadsheet/samples/Chart/33_Chart_create_composite.php
Parsing file:///home/four12/html/application/libraries/PhpSpreadsheet/phpoffice/phpspreadsheet/samples/Chart/33_Chart_create_line.php
Parsing file:///home/four12/html/application/libraries/PhpSpreadsheet/phpoffice/phpspreadsheet/samples/Chart/33_Chart_create_multiple_charts.php
Parsing file:///home/four12/html/application/libraries/PhpSpreadsheet/phpoffice/phpspreadsheet/samples/Chart/33_Chart_create_pie.php
Parsing file:///home/four12/html/application/libraries/PhpSpreadsheet/phpoffice/phpspreadsheet/samples/Chart/33_Chart_create_pie_custom_colors.php
Parsing file:///home/four12/html/application/libraries/PhpSpreadsheet/phpoffice/phpspreadsheet/samples/Chart/33_Chart_create_radar.php
Parsing file:///home/four12/html/application/libraries/PhpSpreadsheet/phpoffice/phpspreadsheet/samples/Chart/33_Chart_create_scatter.php
Parsing file:///home/four12/html/application/libraries/PhpSpreadsheet/phpoffice/phpspreadsheet/samples/Chart/33_Chart_create_stock.php
Parsing file:///home/four12/html/application/libraries/PhpSpreadsheet/phpoffice/phpspreadsheet/samples/Chart/34_Chart_update.php
Parsing file:///home/four12/html/application/libraries/PhpSpreadsheet/phpoffice/phpspreadsheet/samples/Chart/35_Chart_render.php
Parsing file:///home/four12/html/application/libraries/PhpSpreadsheet/phpoffice/phpspreadsheet/samples/Pdf/21_Pdf_Domdf.php
Parsing file:///home/four12/html/application/libraries/PhpSpreadsheet/phpoffice/phpspreadsheet/samples/Pdf/21_Pdf_TCPDF.php
Parsing file:///home/four12/html/application/libraries/PhpSpreadsheet/phpoffice/phpspreadsheet/samples/Pdf/21_Pdf_mPDF.php
Parsing file:///home/four12/html/application/libraries/PhpSpreadsheet/phpoffice/phpspreadsheet/samples/Reader/01_Simple_file_reader_using_IOFactory.php
Parsing file:///home/four12/html/application/libraries/PhpSpreadsheet/phpoffice/phpspreadsheet/samples/Reader/02_Simple_file_reader_using_a_specified_reader.php
Parsing file:///home/four12/html/application/libraries/PhpSpreadsheet/phpoffice/phpspreadsheet/samples/Reader/03_Simple_file_reader_using_the_IOFactory_to_return_a_reader.php
Parsing file:///home/four12/html/application/libraries/PhpSpreadsheet/phpoffice/phpspreadsheet/samples/Reader/04_Simple_file_reader_using_the_IOFactory_to_identify_a_reader_to_use.php
Parsing file:///home/four12/html/application/libraries/PhpSpreadsheet/phpoffice/phpspreadsheet/samples/Reader/05_Simple_file_reader_using_the_read_data_only_option.php
Parsing file:///home/four12/html/application/libraries/PhpSpreadsheet/phpoffice/phpspreadsheet/samples/Reader/06_Simple_file_reader_loading_all_worksheets.php
Parsing file:///home/four12/html/application/libraries/PhpSpreadsheet/phpoffice/phpspreadsheet/samples/Reader/07_Simple_file_reader_loading_a_single_named_worksheet.php
Parsing file:///home/four12/html/application/libraries/PhpSpreadsheet/phpoffice/phpspreadsheet/samples/Reader/08_Simple_file_reader_loading_several_named_worksheets.php
Parsing file:///home/four12/html/application/libraries/PhpSpreadsheet/phpoffice/phpspreadsheet/samples/Reader/09_Simple_file_reader_using_a_read_filter.php
Parsing file:///home/four12/html/application/libraries/PhpSpreadsheet/phpoffice/phpspreadsheet/samples/Reader/10_Simple_file_reader_using_a_configurable_read_filter.php
Parsing file:///home/four12/html/application/libraries/PhpSpreadsheet/phpoffice/phpspreadsheet/samples/Reader/11_Reading_a_workbook_in_chunks_using_a_configurable_read_filter_%28version_1%29.php
Parsing file:///home/four12/html/application/libraries/PhpSpreadsheet/phpoffice/phpspreadsheet/samples/Reader/12_Reading_a_workbook_in_chunks_using_a_configurable_read_filter_%28version_2%29.php
Parsing file:///home/four12/html/application/libraries/PhpSpreadsheet/phpoffice/phpspreadsheet/samples/Reader/13_Simple_file_reader_for_multiple_CSV_files.php
Parsing file:///home/four12/html/application/libraries/PhpSpreadsheet/phpoffice/phpspreadsheet/samples/Reader/14_Reading_a_large_CSV_file_in_chunks_to_split_across_multiple_worksheets.php
Parsing file:///home/four12/html/application/libraries/PhpSpreadsheet/phpoffice/phpspreadsheet/samples/Reader/15_Simple_file_reader_for_tab_separated_value_file_using_the_Advanced_Value_Binder.php
Parsing file:///home/four12/html/application/libraries/PhpSpreadsheet/phpoffice/phpspreadsheet/samples/Reader/16_Handling_loader_exceptions_using_TryCatch.php
Parsing file:///home/four12/html/application/libraries/PhpSpreadsheet/phpoffice/phpspreadsheet/samples/Reader/17_Simple_file_reader_loading_several_named_worksheets.php
Parsing file:///home/four12/html/application/libraries/PhpSpreadsheet/phpoffice/phpspreadsheet/samples/Reader/18_Reading_list_of_worksheets_without_loading_entire_file.php
Parsing file:///home/four12/html/application/libraries/PhpSpreadsheet/phpoffice/phpspreadsheet/samples/Reader/19_Reading_worksheet_information_without_loading_entire_file.php
Parsing file:///home/four12/html/application/libraries/PhpSpreadsheet/phpoffice/phpspreadsheet/samples/Reader/20_Reader_worksheet_hyperlink_image.php
Parsing file:///home/four12/html/application/libraries/PhpSpreadsheet/phpoffice/phpspreadsheet/samples/Reader/21_Reader_CSV_Long_Integers_with_String_Value_Binder.php
Parsing file:///home/four12/html/application/libraries/PhpSpreadsheet/phpoffice/phpspreadsheet/samples/Reading_workbook_data/Custom_properties.php
Parsing file:///home/four12/html/application/libraries/PhpSpreadsheet/phpoffice/phpspreadsheet/samples/Reading_workbook_data/Custom_property_names.php
Parsing file:///home/four12/html/application/libraries/PhpSpreadsheet/phpoffice/phpspreadsheet/samples/Reading_workbook_data/Properties.php
Parsing file:///home/four12/html/application/libraries/PhpSpreadsheet/phpoffice/phpspreadsheet/samples/Reading_workbook_data/Worksheet_count_and_names.php
Parsing file:///home/four12/html/application/libraries/PhpSpreadsheet/phpoffice/phpspreadsheet/samples/templates/chartSpreadsheet.php
Parsing file:///home/four12/html/application/libraries/PhpSpreadsheet/phpoffice/phpspreadsheet/samples/templates/largeSpreadsheet.php
Parsing file:///home/four12/html/application/libraries/PhpSpreadsheet/phpoffice/phpspreadsheet/samples/templates/sampleSpreadsheet.php
Parsing file:///home/four12/html/application/libraries/PhpSpreadsheet/phpoffice/phpspreadsheet/src/Bootstrap.php
Parsing file:///home/four12/html/application/libraries/PhpSpreadsheet/phpoffice/phpspreadsheet/src/PhpSpreadsheet/Comment.php
Parsing file:///home/four12/html/application/libraries/PhpSpreadsheet/phpoffice/phpspreadsheet/src/PhpSpreadsheet/Exception.php
Parsing file:///home/four12/html/application/libraries/PhpSpreadsheet/phpoffice/phpspreadsheet/src/PhpSpreadsheet/HashTable.php
Parsing file:///home/four12/html/application/libraries/PhpSpreadsheet/phpoffice/phpspreadsheet/src/PhpSpreadsheet/IComparable.php
Parsing file:///home/four12/html/application/libraries/PhpSpreadsheet/phpoffice/phpspreadsheet/src/PhpSpreadsheet/IOFactory.php
Parsing file:///home/four12/html/application/libraries/PhpSpreadsheet/phpoffice/phpspreadsheet/src/PhpSpreadsheet/NamedRange.php
Parsing file:///home/four12/html/application/libraries/PhpSpreadsheet/phpoffice/phpspreadsheet/src/PhpSpreadsheet/ReferenceHelper.php
Parsing file:///home/four12/html/application/libraries/PhpSpreadsheet/phpoffice/phpspreadsheet/src/PhpSpreadsheet/Settings.php
Parsing file:///home/four12/html/application/libraries/PhpSpreadsheet/phpoffice/phpspreadsheet/src/PhpSpreadsheet/Spreadsheet.php
Parsing file:///home/four12/html/application/libraries/PhpSpreadsheet/phpoffice/phpspreadsheet/src/PhpSpreadsheet/Calculation/Calculation.php
[Info  - 09:56:53] Ignoring file file:///home/four12/html/application/libraries/PhpSpreadsheet/phpoffice/phpspreadsheet/src/PhpSpreadsheet/Calculation/Calculation.php because it exceeds size limit of 150000 bytes (185051)
Parsing file:///home/four12/html/application/libraries/PhpSpreadsheet/phpoffice/phpspreadsheet/src/PhpSpreadsheet/Calculation/Category.php
Parsing file:///home/four12/html/application/libraries/PhpSpreadsheet/phpoffice/phpspreadsheet/src/PhpSpreadsheet/Calculation/Database.php
Parsing file:///home/four12/html/application/libraries/PhpSpreadsheet/phpoffice/phpspreadsheet/src/PhpSpreadsheet/Calculation/DateTime.php
Parsing file:///home/four12/html/application/libraries/PhpSpreadsheet/phpoffice/phpspreadsheet/src/PhpSpreadsheet/Calculation/Engineering.php
Parsing file:///home/four12/html/application/libraries/PhpSpreadsheet/phpoffice/phpspreadsheet/src/PhpSpreadsheet/Calculation/Exception.php
Parsing file:///home/four12/html/application/libraries/PhpSpreadsheet/phpoffice/phpspreadsheet/src/PhpSpreadsheet/Calculation/ExceptionHandler.php
Parsing file:///home/four12/html/application/libraries/PhpSpreadsheet/phpoffice/phpspreadsheet/src/PhpSpreadsheet/Calculation/Financial.php
Parsing file:///home/four12/html/application/libraries/PhpSpreadsheet/phpoffice/phpspreadsheet/src/PhpSpreadsheet/Calculation/FormulaParser.php
Parsing file:///home/four12/html/application/libraries/PhpSpreadsheet/phpoffice/phpspreadsheet/src/PhpSpreadsheet/Calculation/FormulaToken.php
Parsing file:///home/four12/html/application/libraries/PhpSpreadsheet/phpoffice/phpspreadsheet/src/PhpSpreadsheet/Calculation/Functions.php
Parsing file:///home/four12/html/application/libraries/PhpSpreadsheet/phpoffice/phpspreadsheet/src/PhpSpreadsheet/Calculation/Logical.php
Parsing file:///home/four12/html/application/libraries/PhpSpreadsheet/phpoffice/phpspreadsheet/src/PhpSpreadsheet/Calculation/LookupRef.php
Parsing file:///home/four12/html/application/libraries/PhpSpreadsheet/phpoffice/phpspreadsheet/src/PhpSpreadsheet/Calculation/MathTrig.php
Parsing file:///home/four12/html/application/libraries/PhpSpreadsheet/phpoffice/phpspreadsheet/src/PhpSpreadsheet/Calculation/Statistical.php
Parsing file:///home/four12/html/application/libraries/PhpSpreadsheet/phpoffice/phpspreadsheet/src/PhpSpreadsheet/Calculation/TextData.php
Parsing file:///home/four12/html/application/libraries/PhpSpreadsheet/phpoffice/phpspreadsheet/src/PhpSpreadsheet/Calculation/Engine/CyclicReferenceStack.php
Parsing file:///home/four12/html/application/libraries/PhpSpreadsheet/phpoffice/phpspreadsheet/src/PhpSpreadsheet/Calculation/Engine/Logger.php
Parsing file:///home/four12/html/application/libraries/PhpSpreadsheet/phpoffice/phpspreadsheet/src/PhpSpreadsheet/Calculation/Token/Stack.php
Parsing file:///home/four12/html/application/libraries/PhpSpreadsheet/phpoffice/phpspreadsheet/src/PhpSpreadsheet/Cell/AdvancedValueBinder.php
Parsing file:///home/four12/html/application/libraries/PhpSpreadsheet/phpoffice/phpspreadsheet/src/PhpSpreadsheet/Cell/Cell.php
Parsing file:///home/four12/html/application/libraries/PhpSpreadsheet/phpoffice/phpspreadsheet/src/PhpSpreadsheet/Cell/Coordinate.php
Parsing file:///home/four12/html/application/libraries/PhpSpreadsheet/phpoffice/phpspreadsheet/src/PhpSpreadsheet/Cell/DataType.php
Parsing file:///home/four12/html/application/libraries/PhpSpreadsheet/phpoffice/phpspreadsheet/src/PhpSpreadsheet/Cell/DataValidation.php
Parsing file:///home/four12/html/application/libraries/PhpSpreadsheet/phpoffice/phpspreadsheet/src/PhpSpreadsheet/Cell/DataValidator.php
Parsing file:///home/four12/html/application/libraries/PhpSpreadsheet/phpoffice/phpspreadsheet/src/PhpSpreadsheet/Cell/DefaultValueBinder.php
Parsing file:///home/four12/html/application/libraries/PhpSpreadsheet/phpoffice/phpspreadsheet/src/PhpSpreadsheet/Cell/Hyperlink.php
Parsing file:///home/four12/html/application/libraries/PhpSpreadsheet/phpoffice/phpspreadsheet/src/PhpSpreadsheet/Cell/IValueBinder.php
Parsing file:///home/four12/html/application/libraries/PhpSpreadsheet/phpoffice/phpspreadsheet/src/PhpSpreadsheet/Cell/StringValueBinder.php
Parsing file:///home/four12/html/application/libraries/PhpSpreadsheet/phpoffice/phpspreadsheet/src/PhpSpreadsheet/Chart/Axis.php
Parsing file:///home/four12/html/application/libraries/PhpSpreadsheet/phpoffice/phpspreadsheet/src/PhpSpreadsheet/Chart/Chart.php
Parsing file:///home/four12/html/application/libraries/PhpSpreadsheet/phpoffice/phpspreadsheet/src/PhpSpreadsheet/Chart/DataSeries.php
Parsing file:///home/four12/html/application/libraries/PhpSpreadsheet/phpoffice/phpspreadsheet/src/PhpSpreadsheet/Chart/DataSeriesValues.php
Parsing file:///home/four12/html/application/libraries/PhpSpreadsheet/phpoffice/phpspreadsheet/src/PhpSpreadsheet/Chart/Exception.php
Parsing file:///home/four12/html/application/libraries/PhpSpreadsheet/phpoffice/phpspreadsheet/src/PhpSpreadsheet/Chart/GridLines.php
Parsing file:///home/four12/html/application/libraries/PhpSpreadsheet/phpoffice/phpspreadsheet/src/PhpSpreadsheet/Chart/Layout.php
Parsing file:///home/four12/html/application/libraries/PhpSpreadsheet/phpoffice/phpspreadsheet/src/PhpSpreadsheet/Chart/Legend.php
Parsing file:///home/four12/html/application/libraries/PhpSpreadsheet/phpoffice/phpspreadsheet/src/PhpSpreadsheet/Chart/PlotArea.php
Parsing file:///home/four12/html/application/libraries/PhpSpreadsheet/phpoffice/phpspreadsheet/src/PhpSpreadsheet/Chart/Properties.php
Parsing file:///home/four12/html/application/libraries/PhpSpreadsheet/phpoffice/phpspreadsheet/src/PhpSpreadsheet/Chart/Title.php
Parsing file:///home/four12/html/application/libraries/PhpSpreadsheet/phpoffice/phpspreadsheet/src/PhpSpreadsheet/Chart/Renderer/IRenderer.php
Parsing file:///home/four12/html/application/libraries/PhpSpreadsheet/phpoffice/phpspreadsheet/src/PhpSpreadsheet/Chart/Renderer/JpGraph.php
Parsing file:///home/four12/html/application/libraries/PhpSpreadsheet/phpoffice/phpspreadsheet/src/PhpSpreadsheet/Chart/Renderer/Polyfill.php
Parsing file:///home/four12/html/application/libraries/PhpSpreadsheet/phpoffice/phpspreadsheet/src/PhpSpreadsheet/Collection/Cells.php
Parsing file:///home/four12/html/application/libraries/PhpSpreadsheet/phpoffice/phpspreadsheet/src/PhpSpreadsheet/Collection/CellsFactory.php
Parsing file:///home/four12/html/application/libraries/PhpSpreadsheet/phpoffice/phpspreadsheet/src/PhpSpreadsheet/Collection/Memory.php
Parsing file:///home/four12/html/application/libraries/PhpSpreadsheet/phpoffice/phpspreadsheet/src/PhpSpreadsheet/Document/Properties.php
Parsing file:///home/four12/html/application/libraries/PhpSpreadsheet/phpoffice/phpspreadsheet/src/PhpSpreadsheet/Document/Security.php
Parsing file:///home/four12/html/application/libraries/PhpSpreadsheet/phpoffice/phpspreadsheet/src/PhpSpreadsheet/Helper/Html.php
Parsing file:///home/four12/html/application/libraries/PhpSpreadsheet/phpoffice/phpspreadsheet/src/PhpSpreadsheet/Helper/Migrator.php
Parsing file:///home/four12/html/application/libraries/PhpSpreadsheet/phpoffice/phpspreadsheet/src/PhpSpreadsheet/Helper/Sample.php
